have_header: checking for sys/select.h... -------------------- yes

"gcc -E -I. -I/usr/local/lib/ruby/1.8/i686-darwin9.1.0 -I.  -g -O2 -pipe -fno-common  conftest.c -o conftest.i"
checked program was:
/* begin */
1: #include <sys/select.h>
/* end */

--------------------

have_header: checking for poll.h... -------------------- yes

"gcc -E -I. -I/usr/local/lib/ruby/1.8/i686-darwin9.1.0 -I.  -g -O2 -pipe -fno-common  conftest.c -o conftest.i"
checked program was:
/* begin */
1: #include <poll.h>
/* end */

--------------------

have_header: checking for sys/epoll.h... -------------------- no

"gcc -E -I. -I/usr/local/lib/ruby/1.8/i686-darwin9.1.0 -I.  -g -O2 -pipe -fno-common  conftest.c -o conftest.i"
conftest.c:1:23: error: sys/epoll.h: No such file or directory
checked program was:
/* begin */
1: #include <sys/epoll.h>
/* end */

--------------------

have_header: checking for sys/event.h... -------------------- yes

"gcc -E -I. -I/usr/local/lib/ruby/1.8/i686-darwin9.1.0 -I.  -g -O2 -pipe -fno-common  conftest.c -o conftest.i"
checked program was:
/* begin */
1: #include <sys/event.h>
/* end */

--------------------

have_header: checking for sys/queue.h... -------------------- yes

"gcc -E -I. -I/usr/local/lib/ruby/1.8/i686-darwin9.1.0 -I.  -g -O2 -pipe -fno-common  conftest.c -o conftest.i"
checked program was:
/* begin */
1: #include <sys/queue.h>
/* end */

--------------------

have_header: checking for port.h... -------------------- no

"gcc -E -I. -I/usr/local/lib/ruby/1.8/i686-darwin9.1.0 -I.  -g -O2 -pipe -fno-common  conftest.c -o conftest.i"
conftest.c:1:18: error: port.h: No such file or directory
checked program was:
/* begin */
1: #include <port.h>
/* end */

--------------------

have_header: checking for sys/inotify.h... -------------------- no

"gcc -E -I. -I/usr/local/lib/ruby/1.8/i686-darwin9.1.0 -I.  -g -O2 -pipe -fno-common  conftest.c -o conftest.i"
conftest.c:1:25: error: sys/inotify.h: No such file or directory
checked program was:
/* begin */
1: #include <sys/inotify.h>
/* end */

--------------------

have_library: checking for main() in -lc... -------------------- yes

"gcc -o conftest -I. -I/usr/local/lib/ruby/1.8/i686-darwin9.1.0 -I.  -g -O2 -pipe -fno-common -I/Users/marc/projects/thin/ext/libev -DEV_USE_SELECT -DEV_USE_POLL -DEV_USE_KQUEUE conftest.c  -L"." -L"/usr/local/lib" -L.      -lruby-static -lc  -ldl -lobjc  "
checked program was:
/* begin */
1: /*top*/
2: int main() { return 0; }
3: int t() { void ((*volatile p)()); p = (void ((*)()))main; return 0; }
/* end */

--------------------

